#
# There is insufficient memory for the Java Runtime Environment to continue.
# Native memory allocation (malloc) failed to allocate 1048576 bytes for AllocateHeap
# Possible reasons:
#   The system is out of physical RAM or swap space
#   The process is running with CompressedOops enabled, and the Java Heap may be blocking the growth of the native heap
# Possible solutions:
#   Reduce memory load on the system
#   Increase physical memory or swap space
#   Check if swap backing store is full
#   Decrease Java heap size (-Xmx/-Xms)
#   Decrease number of Java threads
#   Decrease Java thread stack sizes (-Xss)
#   Set larger code cache with -XX:ReservedCodeCacheSize=
#   JVM is running with Unscaled Compressed Oops mode in which the Java heap is
#     placed in the first 4GB address space. The Java Heap base address is the
#     maximum limit for the native heap growth. Please use -XX:HeapBaseMinAddress
#     to set the Java Heap base and to place the Java Heap above 4GB virtual address.
# This output file may be truncated or incomplete.
#
#  Out of Memory Error (memory/allocation.inline.hpp:61), pid=13812, tid=0x0000000000001728
#
# JRE version:  (8.0_202-b08) (build )
# Java VM: Java HotSpot(TM) 64-Bit Server VM (25.202-b08 mixed mode windows-amd64 compressed oops)
# Failed to write core dump. Minidumps are not enabled by default on client versions of Windows
#

---------------  T H R E A D  ---------------

Current thread (0x0000000002c5e800):  JavaThread "Unknown thread" [_thread_in_vm, id=5928, stack(0x0000000002b30000,0x0000000002c30000)]

Stack: [0x0000000002b30000,0x0000000002c30000]
[error occurred during error reporting (printing stack bounds), id 0xc0000005]

Native frames: (J=compiled Java code, j=interpreted, Vv=VM code, C=native code)


---------------  P R O C E S S  ---------------

Java Threads: ( => current thread )

Other Threads:

=>0x0000000002c5e800 (exited) JavaThread "Unknown thread" [_thread_in_vm, id=5928, stack(0x0000000002b30000,0x0000000002c30000)]

VM state:not at safepoint (normal execution)

VM Mutex/Monitor currently owned by a thread: None

heap address: 0x0000000084400000, size: 1980 MB, Compressed Oops mode: 32-bit
Narrow klass base: 0x0000000000000000, Narrow klass shift: 3
Compressed class space size: 1073741824 Address: 0x0000000100000000

Heap:
 PSYoungGen      total 36864K, used 634K [0x00000000d6c00000, 0x00000000d9500000, 0x0000000100000000)
  eden space 31744K, 2% used [0x00000000d6c00000,0x00000000d6c9eb90,0x00000000d8b00000)
  from space 5120K, 0% used [0x00000000d9000000,0x00000000d9000000,0x00000000d9500000)
  to   space 5120K, 0% used [0x00000000d8b00000,0x00000000d8b00000,0x00000000d9000000)
 ParOldGen       total 84992K, used 0K [0x0000000084400000, 0x0000000089700000, 0x00000000d6c00000)
  object space 84992K, 0% used [0x0000000084400000,0x0000000084400000,0x0000000089700000)
 Metaspace       used 775K, capacity 4480K, committed 4480K, reserved 1056768K
  class space    used 76K, capacity 384K, committed 384K, reserved 1048576K

Card table byte_map: [0x0000000012220000,0x0000000012600000] byte_map_base: 0x0000000011dfe000

Marking Bits: (ParMarkBitMap*) 0x000000006b745ce0
 Begin Bits: [0x0000000012ca0000, 0x0000000014b90000)
 End Bits:   [0x0000000014b90000, 0x0000000016a80000)

Polling page: 0x0000000000f40000

CodeCache: size=245760Kb used=328Kb max_used=328Kb free=245431Kb
 bounds [0x0000000002e60000, 0x00000000030d0000, 0x0000000011e60000]
 total_blobs=58 nmethods=0 adapters=38
 compilation: enabled

Compilation events (0 events):
No events

GC Heap History (0 events):
No events

Deoptimization events (0 events):
No events

Classes redefined (0 events):
No events

Internal exceptions (0 events):
No events

Events (10 events):
Event: 0.041 loading class java/lang/Short
Event: 0.041 loading class java/lang/Short done
Event: 0.041 loading class java/lang/Integer
Event: 0.041 loading class java/lang/Integer done
Event: 0.041 loading class java/lang/Long
Event: 0.041 loading class java/lang/Long done
Event: 0.042 loading class java/lang/NullPointerException
Event: 0.042 loading class java/lang/NullPointerException done
Event: 0.042 loading class java/lang/ArithmeticException
Event: 0.042 loading class java/lang/ArithmeticException done


Dynamic libraries:
0x00007ff7bf8a0000 - 0x00007ff7bf8d7000 	C:\Program Files\Java\jdk1.8.0_202\bin\javaw.exe
0x00007ffbf1520000 - 0x00007ffbf1729000 	C:\WINDOWS\SYSTEM32\ntdll.dll
0x00007ffbf0c20000 - 0x00007ffbf0cdd000 	C:\WINDOWS\System32\KERNEL32.DLL
0x00007ffbeecf0000 - 0x00007ffbef064000 	C:\WINDOWS\System32\KERNELBASE.dll
0x00007ffbf1150000 - 0x00007ffbf11fe000 	C:\WINDOWS\System32\ADVAPI32.dll
0x00007ffbef3c0000 - 0x00007ffbef463000 	C:\WINDOWS\System32\msvcrt.dll
0x00007ffbf1310000 - 0x00007ffbf13ae000 	C:\WINDOWS\System32\sechost.dll
0x00007ffbf0a30000 - 0x00007ffbf0b50000 	C:\WINDOWS\System32\RPCRT4.dll
0x00007ffbf0ce0000 - 0x00007ffbf0e8c000 	C:\WINDOWS\System32\USER32.dll
0x00007ffbeea90000 - 0x00007ffbeeab6000 	C:\WINDOWS\System32\win32u.dll
0x00007ffbf00f0000 - 0x00007ffbf0119000 	C:\WINDOWS\System32\GDI32.dll
0x00007ffbef180000 - 0x00007ffbef292000 	C:\WINDOWS\System32\gdi32full.dll
0x00007ffbef070000 - 0x00007ffbef10d000 	C:\WINDOWS\System32\msvcp_win.dll
0x00007ffbef2a0000 - 0x00007ffbef3b1000 	C:\WINDOWS\System32\ucrtbase.dll
0x00007ffbdb6f0000 - 0x00007ffbdb995000 	C:\WINDOWS\WinSxS\amd64_microsoft.windows.common-controls_6595b64144ccf1df_6.0.22000.120_none_9d947278b86cc467\COMCTL32.dll
0x00007ffbef470000 - 0x00007ffbef4a1000 	C:\WINDOWS\System32\IMM32.DLL
0x000000006ae40000 - 0x000000006af12000 	C:\Program Files\Java\jdk1.8.0_202\jre\bin\msvcr100.dll
0x000000006af20000 - 0x000000006b7c5000 	C:\Program Files\Java\jdk1.8.0_202\jre\bin\server\jvm.dll
0x00007ffbef800000 - 0x00007ffbef808000 	C:\WINDOWS\System32\PSAPI.DLL
0x00007ffbe2610000 - 0x00007ffbe2619000 	C:\WINDOWS\SYSTEM32\WSOCK32.dll
0x00007ffbf1030000 - 0x00007ffbf109f000 	C:\WINDOWS\System32\WS2_32.dll
0x00007ffbe93f0000 - 0x00007ffbe9423000 	C:\WINDOWS\SYSTEM32\WINMM.dll
0x00007ffbe8f80000 - 0x00007ffbe8f8a000 	C:\WINDOWS\SYSTEM32\VERSION.dll
0x00007ffbcade0000 - 0x00007ffbcadef000 	C:\Program Files\Java\jdk1.8.0_202\jre\bin\verify.dll
0x00007ffbadfb0000 - 0x00007ffbadfd9000 	C:\Program Files\Java\jdk1.8.0_202\jre\bin\java.dll
0x00007ffbba8b0000 - 0x00007ffbba8c6000 	C:\Program Files\Java\jdk1.8.0_202\jre\bin\zip.dll

VM Arguments:
jvm_args: -Dfile.encoding=Cp1252 
java_command: com.tutorials.SearchAlgo
java_class_path (initial): D:\Sources\krish_exercises\SearchinAlgo\bin
Launcher Type: SUN_STANDARD

Environment Variables:
PATH=C:/Program Files/Java/jdk1.8.0_202/bin/../jre/bin/server;C:/Program Files/Java/jdk1.8.0_202/bin/../jre/bin;C:/Program Files/Java/jdk1.8.0_202/bin/../jre/lib/amd64;C:\WINDOWS\system32;C:\WINDOWS;C:\WINDOWS\System32\Wbem;C:\WINDOWS\System32\WindowsPowerShell\v1.0\;D:\Git\cmd;D:\TortoiseGit\bin;C:\Program Files (x86)\Microsoft SQL Server\150\DTS\Binn\;C:\Program Files\Azure Data Studio\bin;C:\WINDOWS\System32\OpenSSH\;D:\nodejs\;C:\Program Files\Microsoft SQL Server\Client SDK\ODBC\170\Tools\Binn\;C:\Program Files (x86)\Microsoft SQL Server\150\Tools\Binn\;C:\Program Files\Microsoft SQL Server\150\Tools\Binn\;C:\Program Files\Microsoft SQL Server\150\DTS\Binn\;C:\Program Files\Java\jdk1.8.0_202\bin;C:\Program Files\dotnet\;C:\Program Files\MySQL\MySQL Shell 8.0\bin\;C:\Users\Duleep\AppData\Local\Microsoft\WindowsApps;D:\Microsoft VS Code\bin;D:\apache-maven-3.8.3\bin;C:\Program Files\Azure Data Studio\bin;C:\Users\Duleep\AppData\Roaming\npm;C:\Program Files\Java\jdk1.8.0_202\bin;C:\Program Files\MySQL\MySQL Server 8.0\bin;C:\Users\Duleep\AppData\Local\atom\bin;C:\WINDOWS\System32;
USERNAME=Duleep
OS=Windows_NT
PROCESSOR_IDENTIFIER=Intel64 Family 6 Model 140 Stepping 1, GenuineIntel



---------------  S Y S T E M  ---------------

OS: Windows 10.0 , 64 bit Build 22000 (10.0.22000.434)

CPU:total 4 (initial active 4) (2 cores per cpu, 2 threads per core) family 6 model 140 stepping 1, cmov, cx8, fxsr, mmx, sse, sse2, sse3, ssse3, sse4.1, sse4.2, popcnt, avx, avx2, aes, clmul, erms, 3dnowpref, lzcnt, ht, tsc, tscinvbit, bmi1, bmi2, adx

Memory: 4k page, physical 8108840k(61852k free), swap 23587236k(5416k free)

vm_info: Java HotSpot(TM) 64-Bit Server VM (25.202-b08) for windows-amd64 JRE (1.8.0_202-b08), built on Dec 15 2018 19:54:30 by "java_re" with MS VC++ 10.0 (VS2010)

time: Mon Apr 11 13:27:15 2022
timezone: Sri Lanka Standard Time
elapsed time: 0 seconds (0d 0h 0m 0s)

